  [1m[35m (1.1ms)[0m  [1m[34mSELECT sqlite_version(*)[0m
  [1m[35m (14.6ms)[0m  [1m[35mCREATE TABLE "schema_migrations" ("version" varchar NOT NULL PRIMARY KEY)[0m
  [1m[35m (5.0ms)[0m  [1m[35mCREATE TABLE "ar_internal_metadata" ("key" varchar NOT NULL PRIMARY KEY, "value" varchar, "created_at" datetime(6) NOT NULL, "updated_at" datetime(6) NOT NULL)[0m
  [1m[35m (0.2ms)[0m  [1m[34mSELECT "schema_migrations"."version" FROM "schema_migrations" ORDER BY "schema_migrations"."version" ASC[0m
Migrating to CreateUsers (20211130234612)
  [1m[35m (0.4ms)[0m  [1m[34mSELECT sqlite_version(*)[0m
  [1m[35m (0.1ms)[0m  [1m[34mSELECT "schema_migrations"."version" FROM "schema_migrations" ORDER BY "schema_migrations"."version" ASC[0m
Migrating to CreateUsers (20211130234612)
  [1m[36mTRANSACTION (0.1ms)[0m  [1m[36mbegin transaction[0m
  [1m[35m (0.5ms)[0m  [1m[35mCREATE TABLE "users" ("id" integer PRIMARY KEY AUTOINCREMENT NOT NULL, "username" varchar, "email" varchar, "password" varchar, "created_at" datetime(6) NOT NULL, "updated_at" datetime(6) NOT NULL)[0m
  [1m[36mActiveRecord::SchemaMigration Create (0.3ms)[0m  [1m[32mINSERT INTO "schema_migrations" ("version") VALUES (?)[0m  [["version", "20211130234612"]]
  [1m[36mTRANSACTION (5.4ms)[0m  [1m[36mcommit transaction[0m
  [1m[36mActiveRecord::InternalMetadata Load (0.2ms)[0m  [1m[34mSELECT "ar_internal_metadata".* FROM "ar_internal_metadata" WHERE "ar_internal_metadata"."key" = ? LIMIT ?[0m  [["key", "environment"], ["LIMIT", 1]]
  [1m[36mTRANSACTION (0.1ms)[0m  [1m[36mbegin transaction[0m
  [1m[36mActiveRecord::InternalMetadata Create (2.7ms)[0m  [1m[32mINSERT INTO "ar_internal_metadata" ("key", "value", "created_at", "updated_at") VALUES (?, ?, ?, ?)[0m  [["key", "environment"], ["value", "development"], ["created_at", "2021-11-30 23:48:18.037611"], ["updated_at", "2021-11-30 23:48:18.037611"]]
  [1m[36mTRANSACTION (5.9ms)[0m  [1m[36mcommit transaction[0m
  [1m[35m (0.2ms)[0m  [1m[34mSELECT sqlite_version(*)[0m
  [1m[35m (0.3ms)[0m  [1m[34mSELECT "schema_migrations"."version" FROM "schema_migrations" ORDER BY "schema_migrations"."version" ASC[0m
Started GET "/" for 127.0.0.1 at 2021-11-30 23:52:33 +0000
  [1m[35m (1.3ms)[0m  [1m[34mSELECT sqlite_version(*)[0m
  [1m[35m (0.2ms)[0m  [1m[34mSELECT "schema_migrations"."version" FROM "schema_migrations" ORDER BY "schema_migrations"."version" ASC[0m
Processing by Rails::WelcomeController#index as HTML
  Rendering /home/fabiodias/.rbenv/versions/2.7.4/lib/ruby/gems/2.7.0/gems/railties-6.1.4.1/lib/rails/templates/rails/welcome/index.html.erb
  Rendered /home/fabiodias/.rbenv/versions/2.7.4/lib/ruby/gems/2.7.0/gems/railties-6.1.4.1/lib/rails/templates/rails/welcome/index.html.erb (Duration: 10.1ms | Allocations: 442)
Completed 200 OK in 47ms (Views: 23.8ms | ActiveRecord: 0.0ms | Allocations: 3581)


Started GET "/users/new" for 127.0.0.1 at 2021-11-30 23:52:49 +0000
Processing by UsersController#new as HTML
  Rendering layout layouts/application.html.erb
  Rendering users/new.html.erb within layouts/application
  Rendered users/_form.html.erb (Duration: 31.4ms | Allocations: 4492)
  Rendered users/new.html.erb within layouts/application (Duration: 32.9ms | Allocations: 4845)
[Webpacker] Compiling...
[Webpacker] Compiled all packs in /home/fabiodias/Web Dev/Ruby On Rails/Re-Former/public/packs
[Webpacker] Hash: e2f281de3ea1fdc4fa5a
Version: webpack 4.46.0
Time: 2863ms
Built at: 11/30/2021 11:52:56 PM
                                     Asset       Size       Chunks                         Chunk Names
    js/application-be412d64645010827f4e.js    125 KiB  application  [emitted] [immutable]  application
js/application-be412d64645010827f4e.js.map    139 KiB  application  [emitted] [dev]        application
                             manifest.json  364 bytes               [emitted]              
Entrypoint application = js/application-be412d64645010827f4e.js js/application-be412d64645010827f4e.js.map
[./app/javascript/channels sync recursive _channel\.js$] ./app/javascript/channels sync _channel\.js$ 160 bytes {application} [built]
[./app/javascript/channels/index.js] 211 bytes {application} [built]
[./app/javascript/packs/application.js] 492 bytes {application} [built]
[./node_modules/webpack/buildin/module.js] (webpack)/buildin/module.js 552 bytes {application} [built]
    + 3 hidden modules

  Rendered layout layouts/application.html.erb (Duration: 6851.8ms | Allocations: 26774)
Completed 200 OK in 6900ms (Views: 6861.4ms | ActiveRecord: 1.5ms | Allocations: 32021)


Started GET "/" for 127.0.0.1 at 2021-12-01 00:10:08 +0000
Processing by Rails::WelcomeController#index as HTML
  Rendering /home/fabiodias/.rbenv/versions/2.7.4/lib/ruby/gems/2.7.0/gems/railties-6.1.4.1/lib/rails/templates/rails/welcome/index.html.erb
  Rendered /home/fabiodias/.rbenv/versions/2.7.4/lib/ruby/gems/2.7.0/gems/railties-6.1.4.1/lib/rails/templates/rails/welcome/index.html.erb (Duration: 6.8ms | Allocations: 219)
Completed 200 OK in 9ms (Views: 7.9ms | Allocations: 870)


Started GET "/users/new" for 127.0.0.1 at 2021-12-01 00:10:09 +0000
Processing by UsersController#new as HTML
  Rendering layout layouts/application.html.erb
  Rendering users/new.html.erb within layouts/application
  Rendered users/_form.html.erb (Duration: 1.7ms | Allocations: 860)
  Rendered users/new.html.erb within layouts/application (Duration: 2.1ms | Allocations: 968)
[Webpacker] Everything's up-to-date. Nothing to do
  Rendered layout layouts/application.html.erb (Duration: 8.8ms | Allocations: 4442)
Completed 200 OK in 11ms (Views: 9.8ms | Allocations: 4846)


Started GET "/users/new" for 127.0.0.1 at 2021-12-01 13:03:09 +0000
Processing by UsersController#new as HTML
  Rendering layout layouts/application.html.erb
  Rendering users/new.html.erb within layouts/application
  Rendered users/_form.html.erb (Duration: 29.7ms | Allocations: 1185)
  Rendered users/new.html.erb within layouts/application (Duration: 40.2ms | Allocations: 1537)
[Webpacker] Everything's up-to-date. Nothing to do
  Rendered layout layouts/application.html.erb (Duration: 81.3ms | Allocations: 5182)
Completed 200 OK in 131ms (Views: 101.2ms | Allocations: 6279)


Started GET "/users/new" for 127.0.0.1 at 2021-12-01 13:03:11 +0000
Processing by UsersController#new as HTML
  Rendering layout layouts/application.html.erb
  Rendering users/new.html.erb within layouts/application
  Rendered users/_form.html.erb (Duration: 2.8ms | Allocations: 858)
  Rendered users/new.html.erb within layouts/application (Duration: 3.3ms | Allocations: 966)
[Webpacker] Everything's up-to-date. Nothing to do
  Rendered layout layouts/application.html.erb (Duration: 13.7ms | Allocations: 4437)
Completed 200 OK in 26ms (Views: 16.5ms | Allocations: 4831)


Started GET "/users/new" for 127.0.0.1 at 2021-12-01 13:03:22 +0000
Processing by UsersController#new as HTML
  Rendering layout layouts/application.html.erb
  Rendering users/new.html.erb within layouts/application
  Rendered users/_form.html.erb (Duration: 6.0ms | Allocations: 1185)
  Rendered users/new.html.erb within layouts/application (Duration: 7.9ms | Allocations: 1536)
[Webpacker] Everything's up-to-date. Nothing to do
  Rendered layout layouts/application.html.erb (Duration: 15.3ms | Allocations: 5182)
Completed 200 OK in 29ms (Views: 17.2ms | Allocations: 6291)


Started GET "/users/new" for 127.0.0.1 at 2021-12-01 13:03:59 +0000
Processing by UsersController#new as HTML
  Rendering layout layouts/application.html.erb
  Rendering users/new.html.erb within layouts/application
  Rendered users/_form.html.erb (Duration: 5.8ms | Allocations: 1185)
  Rendered users/new.html.erb within layouts/application (Duration: 8.0ms | Allocations: 1534)
[Webpacker] Everything's up-to-date. Nothing to do
  Rendered layout layouts/application.html.erb (Duration: 28.3ms | Allocations: 5180)
Completed 200 OK in 36ms (Views: 33.1ms | Allocations: 6288)


Started GET "/" for 127.0.0.1 at 2021-12-01 13:04:02 +0000
Processing by Rails::WelcomeController#index as HTML
  Rendering /home/fabiodias/.rbenv/versions/2.7.4/lib/ruby/gems/2.7.0/gems/railties-6.1.4.1/lib/rails/templates/rails/welcome/index.html.erb
  Rendered /home/fabiodias/.rbenv/versions/2.7.4/lib/ruby/gems/2.7.0/gems/railties-6.1.4.1/lib/rails/templates/rails/welcome/index.html.erb (Duration: 66.7ms | Allocations: 221)
Completed 200 OK in 74ms (Views: 68.0ms | Allocations: 870)


Started GET "/users/new" for 127.0.0.1 at 2021-12-01 13:04:03 +0000
Processing by UsersController#new as HTML
  Rendering layout layouts/application.html.erb
  Rendering users/new.html.erb within layouts/application
  Rendered users/_form.html.erb (Duration: 4.4ms | Allocations: 860)
  Rendered users/new.html.erb within layouts/application (Duration: 4.9ms | Allocations: 968)
[Webpacker] Everything's up-to-date. Nothing to do
  Rendered layout layouts/application.html.erb (Duration: 17.2ms | Allocations: 4448)
Completed 200 OK in 20ms (Views: 18.5ms | Allocations: 4842)


Started GET "/users/new" for 127.0.0.1 at 2021-12-01 13:04:49 +0000
Processing by UsersController#new as HTML
  Rendering layout layouts/application.html.erb
  Rendering users/new.html.erb within layouts/application
  Rendered users/_form.html.erb (Duration: 4.5ms | Allocations: 1185)
  Rendered users/new.html.erb within layouts/application (Duration: 6.8ms | Allocations: 1534)
[Webpacker] Everything's up-to-date. Nothing to do
  Rendered layout layouts/application.html.erb (Duration: 15.4ms | Allocations: 5178)
Completed 200 OK in 27ms (Views: 22.8ms | Allocations: 6280)


Started GET "/users/new" for 127.0.0.1 at 2021-12-01 13:04:51 +0000
Processing by UsersController#new as HTML
  Rendering layout layouts/application.html.erb
  Rendering users/new.html.erb within layouts/application
  Rendered users/_form.html.erb (Duration: 1.5ms | Allocations: 858)
  Rendered users/new.html.erb within layouts/application (Duration: 1.8ms | Allocations: 966)
[Webpacker] Everything's up-to-date. Nothing to do
  Rendered layout layouts/application.html.erb (Duration: 5.6ms | Allocations: 4437)
Completed 200 OK in 7ms (Views: 6.1ms | Allocations: 4831)


Started GET "/users/new" for 127.0.0.1 at 2021-12-01 13:06:48 +0000
Processing by UsersController#new as HTML
  Rendering layout layouts/application.html.erb
  Rendering users/new.html.erb within layouts/application
  Rendered users/_form.html.erb (Duration: 3.0ms | Allocations: 1185)
  Rendered users/new.html.erb within layouts/application (Duration: 5.1ms | Allocations: 1533)
[Webpacker] Everything's up-to-date. Nothing to do
  Rendered layout layouts/application.html.erb (Duration: 16.0ms | Allocations: 5177)
Completed 200 OK in 26ms (Views: 23.9ms | Allocations: 6274)


Started GET "/users/new" for 127.0.0.1 at 2021-12-01 13:07:43 +0000
Processing by UsersController#new as HTML
  Rendering layout layouts/application.html.erb
  Rendering users/new.html.erb within layouts/application
  Rendered users/_form.html.erb (Duration: 3.8ms | Allocations: 1184)
  Rendered users/new.html.erb within layouts/application (Duration: 5.7ms | Allocations: 1568)
[Webpacker] Everything's up-to-date. Nothing to do
  Rendered layout layouts/application.html.erb (Duration: 17.1ms | Allocations: 5212)
Completed 200 OK in 23ms (Views: 20.1ms | Allocations: 6309)


Started GET "/" for 127.0.0.1 at 2021-12-01 13:07:48 +0000
Processing by Rails::WelcomeController#index as HTML
  Rendering /home/fabiodias/.rbenv/versions/2.7.4/lib/ruby/gems/2.7.0/gems/railties-6.1.4.1/lib/rails/templates/rails/welcome/index.html.erb
  Rendered /home/fabiodias/.rbenv/versions/2.7.4/lib/ruby/gems/2.7.0/gems/railties-6.1.4.1/lib/rails/templates/rails/welcome/index.html.erb (Duration: 10.4ms | Allocations: 219)
Completed 200 OK in 15ms (Views: 11.7ms | Allocations: 865)


Started GET "/users/new" for 127.0.0.1 at 2021-12-01 13:07:49 +0000
Processing by UsersController#new as HTML
  Rendering layout layouts/application.html.erb
  Rendering users/new.html.erb within layouts/application
  Rendered users/_form.html.erb (Duration: 1.6ms | Allocations: 858)
  Rendered users/new.html.erb within layouts/application (Duration: 2.0ms | Allocations: 987)
[Webpacker] Everything's up-to-date. Nothing to do
  Rendered layout layouts/application.html.erb (Duration: 10.1ms | Allocations: 4459)
Completed 200 OK in 12ms (Views: 10.8ms | Allocations: 4853)


Started GET "/users" for 127.0.0.1 at 2021-12-01 13:07:52 +0000
  
ActionController::RoutingError (No route matches [GET] "/users"):
  
Started GET "/users/new" for 127.0.0.1 at 2021-12-01 13:07:57 +0000
Processing by UsersController#new as HTML
  Rendering layout layouts/application.html.erb
  Rendering users/new.html.erb within layouts/application
  Rendered users/_form.html.erb (Duration: 5.1ms | Allocations: 945)
  Rendered users/new.html.erb within layouts/application (Duration: 5.7ms | Allocations: 1087)
[Webpacker] Everything's up-to-date. Nothing to do
  Rendered layout layouts/application.html.erb (Duration: 26.2ms | Allocations: 4690)
Completed 200 OK in 29ms (Views: 27.0ms | Allocations: 5184)


Started POST "/users" for 127.0.0.1 at 2021-12-01 13:30:50 +0000
Processing by UsersController#create as HTML
  Parameters: {"username"=>"bezains", "email"=>"bezainas@gmail.com", "password"=>"[FILTERED]", "authenticity_token"=>"[FILTERED]"}
Completed 400 Bad Request in 7ms (Allocations: 667)


  
ActionController::ParameterMissing (param is missing or the value is empty: user
Did you mean?  username
               password
               authenticity_token
               controller):
  
app/controllers/users_controller.rb:67:in `user_params'
app/controllers/users_controller.rb:24:in `create'
Started GET "/users/new" for 127.0.0.1 at 2021-12-01 13:31:03 +0000
Processing by UsersController#new as HTML
  Rendering layout layouts/application.html.erb
  Rendering users/new.html.erb within layouts/application
  Rendered users/_form.html.erb (Duration: 2.4ms | Allocations: 1185)
  Rendered users/new.html.erb within layouts/application (Duration: 7.8ms | Allocations: 1535)
[Webpacker] Everything's up-to-date. Nothing to do
  Rendered layout layouts/application.html.erb (Duration: 15.3ms | Allocations: 5187)
Completed 200 OK in 19ms (Views: 17.4ms | Allocations: 6299)


Started GET "/users/new" for 127.0.0.1 at 2021-12-01 13:31:08 +0000
Processing by UsersController#new as HTML
  Rendering layout layouts/application.html.erb
  Rendering users/new.html.erb within layouts/application
  Rendered users/_form.html.erb (Duration: 2.6ms | Allocations: 1184)
  Rendered users/new.html.erb within layouts/application (Duration: 4.0ms | Allocations: 1570)
[Webpacker] Everything's up-to-date. Nothing to do
  Rendered layout layouts/application.html.erb (Duration: 9.0ms | Allocations: 5222)
Completed 200 OK in 17ms (Views: 15.4ms | Allocations: 6325)


Started POST "/users" for 127.0.0.1 at 2021-12-01 13:31:17 +0000
Processing by UsersController#create as HTML
  Parameters: {"username"=>"bezainas", "email"=>"bezainas@gmail.com", "password"=>"[FILTERED]", "authenticity_token"=>"[FILTERED]"}
Completed 400 Bad Request in 1ms (Allocations: 648)


  
ActionController::ParameterMissing (param is missing or the value is empty: user
Did you mean?  username
               password
               authenticity_token
               controller):
  
app/controllers/users_controller.rb:67:in `user_params'
app/controllers/users_controller.rb:24:in `create'
Started GET "/users/new" for 127.0.0.1 at 2021-12-01 13:32:06 +0000
Processing by UsersController#new as HTML
  Rendering layout layouts/application.html.erb
  Rendering users/new.html.erb within layouts/application
  Rendered users/_form.html.erb (Duration: 4.6ms | Allocations: 1184)
  Rendered users/new.html.erb within layouts/application (Duration: 7.2ms | Allocations: 1568)
[Webpacker] Everything's up-to-date. Nothing to do
  Rendered layout layouts/application.html.erb (Duration: 14.3ms | Allocations: 5220)
Completed 200 OK in 18ms (Views: 16.2ms | Allocations: 6324)


Started POST "/users" for 127.0.0.1 at 2021-12-01 13:32:15 +0000
Processing by UsersController#create as HTML
  Parameters: {"user"=>{"username"=>"bezainas"}, "email"=>"bezainas@gmail.com", "password"=>"[FILTERED]", "authenticity_token"=>"[FILTERED]"}
  [1m[35m (0.7ms)[0m  [1m[34mSELECT sqlite_version(*)[0m
  ↳ app/controllers/users_controller.rb:27:in `block in create'
  Rendering layout layouts/application.html.erb
  Rendering users/new.html.erb within layouts/application
  Rendered users/_form.html.erb (Duration: 13.3ms | Allocations: 2812)
  Rendered users/new.html.erb within layouts/application (Duration: 13.8ms | Allocations: 2939)
[Webpacker] Everything's up-to-date. Nothing to do
  Rendered layout layouts/application.html.erb (Duration: 18.4ms | Allocations: 6356)
Completed 422 Unprocessable Entity in 62ms (Views: 19.1ms | ActiveRecord: 8.9ms | Allocations: 8159)


Started POST "/users" for 127.0.0.1 at 2021-12-01 13:33:49 +0000
Processing by UsersController#create as HTML
  Parameters: {"user"=>{"username"=>"tone"}, "email"=>"tone@gmail.com", "password"=>"[FILTERED]", "authenticity_token"=>"[FILTERED]"}
  Rendering layout layouts/application.html.erb
  Rendering users/new.html.erb within layouts/application
  Rendered users/_form.html.erb (Duration: 5.4ms | Allocations: 3047)
  Rendered users/new.html.erb within layouts/application (Duration: 7.1ms | Allocations: 3433)
[Webpacker] Everything's up-to-date. Nothing to do
  Rendered layout layouts/application.html.erb (Duration: 20.3ms | Allocations: 7015)
Completed 422 Unprocessable Entity in 25ms (Views: 23.2ms | ActiveRecord: 0.0ms | Allocations: 8760)


Started GET "/users" for 127.0.0.1 at 2021-12-01 15:07:25 +0000
  
ActionController::RoutingError (No route matches [GET] "/users"):
  
Started GET "/users" for 127.0.0.1 at 2021-12-01 15:07:32 +0000
  
ActionController::RoutingError (No route matches [GET] "/users"):
  
Started GET "/users" for 127.0.0.1 at 2021-12-01 15:07:35 +0000
  
ActionController::RoutingError (No route matches [GET] "/users"):
  
Started GET "/users/new" for 127.0.0.1 at 2021-12-01 15:07:39 +0000
Processing by UsersController#new as HTML
  [1m[35m (0.2ms)[0m  [1m[34mSELECT sqlite_version(*)[0m
  ↳ app/controllers/users_controller.rb:15:in `new'
  Rendering layout layouts/application.html.erb
  Rendering users/new.html.erb within layouts/application
  Rendered users/_form.html.erb (Duration: 7.5ms | Allocations: 921)
  Rendered users/new.html.erb within layouts/application (Duration: 8.8ms | Allocations: 1050)
[Webpacker] Everything's up-to-date. Nothing to do
  Rendered layout layouts/application.html.erb (Duration: 24.3ms | Allocations: 4530)
Completed 200 OK in 98ms (Views: 26.3ms | ActiveRecord: 0.8ms | Allocations: 8505)


Started POST "/users" for 127.0.0.1 at 2021-12-01 15:08:06 +0000
Processing by UsersController#create as HTML
  Parameters: {"user"=>{"username"=>"Quim Culatra"}, "email"=>"ReiDasVitelas@gmail.com", "password"=>"[FILTERED]", "authenticity_token"=>"[FILTERED]"}
  Rendering layout layouts/application.html.erb
  Rendering users/new.html.erb within layouts/application
  Rendered users/_form.html.erb (Duration: 10.3ms | Allocations: 2716)
  Rendered users/new.html.erb within layouts/application (Duration: 11.5ms | Allocations: 2842)
[Webpacker] Everything's up-to-date. Nothing to do
  Rendered layout layouts/application.html.erb (Duration: 23.5ms | Allocations: 6242)
Completed 200 OK in 30ms (Views: 25.4ms | ActiveRecord: 0.0ms | Allocations: 7281)


Started GET "/users" for 127.0.0.1 at 2021-12-01 18:21:35 +0000
  
ActionController::RoutingError (No route matches [GET] "/users"):
  
Started GET "/users/new" for 127.0.0.1 at 2021-12-01 18:21:38 +0000
Processing by UsersController#new as HTML
  [1m[35m (0.1ms)[0m  [1m[34mSELECT sqlite_version(*)[0m
  ↳ app/controllers/users_controller.rb:15:in `new'
  Rendering layout layouts/application.html.erb
  Rendering users/new.html.erb within layouts/application
  Rendered users/_form.html.erb (Duration: 4.0ms | Allocations: 1242)
  Rendered users/new.html.erb within layouts/application (Duration: 5.9ms | Allocations: 1633)
[Webpacker] Everything's up-to-date. Nothing to do
  Rendered layout layouts/application.html.erb (Duration: 16.7ms | Allocations: 5285)
Completed 200 OK in 44ms (Views: 22.8ms | ActiveRecord: 2.6ms | Allocations: 9770)


Started GET "/users/new" for 127.0.0.1 at 2021-12-01 18:21:47 +0000
Processing by UsersController#new as HTML
  Rendering layout layouts/application.html.erb
  Rendering users/new.html.erb within layouts/application
  Rendered users/_form.html.erb (Duration: 7.5ms | Allocations: 1184)
  Rendered users/new.html.erb within layouts/application (Duration: 9.9ms | Allocations: 1573)
[Webpacker] Everything's up-to-date. Nothing to do
  Rendered layout layouts/application.html.erb (Duration: 17.1ms | Allocations: 5217)
Completed 200 OK in 22ms (Views: 20.2ms | ActiveRecord: 0.0ms | Allocations: 6314)


Started GET "/users/new" for 127.0.0.1 at 2021-12-01 18:21:48 +0000
Processing by UsersController#new as HTML
  Rendering layout layouts/application.html.erb
  Rendering users/new.html.erb within layouts/application
  Rendered users/_form.html.erb (Duration: 3.2ms | Allocations: 857)
  Rendered users/new.html.erb within layouts/application (Duration: 3.9ms | Allocations: 985)
[Webpacker] Everything's up-to-date. Nothing to do
  Rendered layout layouts/application.html.erb (Duration: 13.7ms | Allocations: 4456)
Completed 200 OK in 16ms (Views: 14.5ms | ActiveRecord: 0.0ms | Allocations: 4850)


Started GET "/users/new" for 127.0.0.1 at 2021-12-01 18:22:04 +0000
Processing by UsersController#new as HTML
  Rendering layout layouts/application.html.erb
  Rendering users/new.html.erb within layouts/application
  Rendered users/_form.html.erb (Duration: 2.7ms | Allocations: 1184)
  Rendered users/new.html.erb within layouts/application (Duration: 4.4ms | Allocations: 1573)
[Webpacker] Everything's up-to-date. Nothing to do
  Rendered layout layouts/application.html.erb (Duration: 16.9ms | Allocations: 5217)
Completed 200 OK in 23ms (Views: 21.5ms | ActiveRecord: 0.0ms | Allocations: 6314)


Started GET "/users/new" for 127.0.0.1 at 2021-12-01 18:22:05 +0000
Processing by UsersController#new as HTML
  Rendering layout layouts/application.html.erb
  Rendering users/new.html.erb within layouts/application
  Rendered users/_form.html.erb (Duration: 1.7ms | Allocations: 857)
  Rendered users/new.html.erb within layouts/application (Duration: 2.2ms | Allocations: 985)
[Webpacker] Everything's up-to-date. Nothing to do
  Rendered layout layouts/application.html.erb (Duration: 8.6ms | Allocations: 4456)
Completed 200 OK in 10ms (Views: 9.3ms | ActiveRecord: 0.0ms | Allocations: 4850)


Started GET "/users/new" for 127.0.0.1 at 2021-12-01 18:24:10 +0000
Processing by UsersController#new as HTML
  Rendering layout layouts/application.html.erb
  Rendering users/new.html.erb within layouts/application
  Rendered users/_form.html.erb (Duration: 3.4ms | Allocations: 1184)
  Rendered users/new.html.erb within layouts/application (Duration: 5.2ms | Allocations: 1614)
[Webpacker] Everything's up-to-date. Nothing to do
  Rendered layout layouts/application.html.erb (Duration: 13.7ms | Allocations: 5258)
Completed 200 OK in 18ms (Views: 16.4ms | ActiveRecord: 0.0ms | Allocations: 6355)


Started GET "/users/new" for 127.0.0.1 at 2021-12-01 18:25:07 +0000
Processing by UsersController#new as HTML
  Rendering layout layouts/application.html.erb
  Rendering users/new.html.erb within layouts/application
  Rendered users/_form.html.erb (Duration: 3.9ms | Allocations: 1184)
  Rendered users/new.html.erb within layouts/application (Duration: 6.0ms | Allocations: 1617)
[Webpacker] Everything's up-to-date. Nothing to do
  Rendered layout layouts/application.html.erb (Duration: 15.3ms | Allocations: 5269)
Completed 200 OK in 26ms (Views: 24.8ms | ActiveRecord: 0.0ms | Allocations: 6373)


Started GET "/users/new" for 127.0.0.1 at 2021-12-01 18:26:35 +0000
Processing by UsersController#new as HTML
  Rendering layout layouts/application.html.erb
  Rendering users/new.html.erb within layouts/application
  Rendered users/_form.html.erb (Duration: 3.3ms | Allocations: 1183)
  Rendered users/new.html.erb within layouts/application (Duration: 6.3ms | Allocations: 1736)
[Webpacker] Everything's up-to-date. Nothing to do
  Rendered layout layouts/application.html.erb (Duration: 11.6ms | Allocations: 5381)
Completed 200 OK in 19ms (Views: 17.3ms | ActiveRecord: 0.0ms | Allocations: 6478)


Started POST "/users/new" for 127.0.0.1 at 2021-12-01 18:26:52 +0000
  
ActionController::RoutingError (No route matches [POST] "/users/new"):
  
Started GET "/users/new" for 127.0.0.1 at 2021-12-01 18:27:12 +0000
Processing by UsersController#new as HTML
  Rendering layout layouts/application.html.erb
  Rendering users/new.html.erb within layouts/application
  Rendered users/_form.html.erb (Duration: 3.4ms | Allocations: 1183)
  Rendered users/new.html.erb within layouts/application (Duration: 6.5ms | Allocations: 1731)
[Webpacker] Everything's up-to-date. Nothing to do
  Rendered layout layouts/application.html.erb (Duration: 19.5ms | Allocations: 5383)
Completed 200 OK in 23ms (Views: 21.2ms | ActiveRecord: 0.0ms | Allocations: 6486)


Started GET "/users/new" for 127.0.0.1 at 2021-12-01 18:27:14 +0000
Processing by UsersController#new as HTML
  Rendering layout layouts/application.html.erb
  Rendering users/new.html.erb within layouts/application
  Rendered users/_form.html.erb (Duration: 2.9ms | Allocations: 855)
  Rendered users/new.html.erb within layouts/application (Duration: 5.0ms | Allocations: 1076)
[Webpacker] Everything's up-to-date. Nothing to do
  Rendered layout layouts/application.html.erb (Duration: 12.8ms | Allocations: 4547)
Completed 200 OK in 16ms (Views: 14.2ms | ActiveRecord: 0.0ms | Allocations: 4941)


Started POST "/users" for 127.0.0.1 at 2021-12-01 18:27:22 +0000
Processing by UsersController#create as HTML
  Parameters: {"authenticity_token"=>"[FILTERED]", "user"=>{"username"=>"vezainas"}, "email"=>"veza@gmail.com", "password"=>"[FILTERED]"}
  Rendering layout layouts/application.html.erb
  Rendering users/new.html.erb within layouts/application
  Rendered users/_form.html.erb (Duration: 9.8ms | Allocations: 2714)
  Rendered users/new.html.erb within layouts/application (Duration: 10.6ms | Allocations: 2932)
[Webpacker] Everything's up-to-date. Nothing to do
  Rendered layout layouts/application.html.erb (Duration: 17.6ms | Allocations: 6332)
Completed 200 OK in 21ms (Views: 19.3ms | ActiveRecord: 0.0ms | Allocations: 7371)


Started GET "/users" for 127.0.0.1 at 2021-12-01 18:56:52 +0000
  
ActionController::RoutingError (No route matches [GET] "/users"):
  
Started GET "/users/new" for 127.0.0.1 at 2021-12-01 19:00:51 +0000
Processing by UsersController#new as HTML
  Rendering layout layouts/application.html.erb
  Rendering users/new.html.erb within layouts/application
  Rendered users/new.html.erb within layouts/application (Duration: 32.8ms | Allocations: 3541)
[Webpacker] Everything's up-to-date. Nothing to do
  Rendered layout layouts/application.html.erb (Duration: 42.0ms | Allocations: 7096)
Completed 200 OK in 45ms (Views: 43.6ms | Allocations: 8199)


Started GET "/users/new" for 127.0.0.1 at 2021-12-01 19:00:54 +0000
Processing by UsersController#new as HTML
  Rendering layout layouts/application.html.erb
  Rendering users/new.html.erb within layouts/application
  Rendered users/new.html.erb within layouts/application (Duration: 3.8ms | Allocations: 816)
[Webpacker] Everything's up-to-date. Nothing to do
  Rendered layout layouts/application.html.erb (Duration: 17.1ms | Allocations: 4287)
Completed 200 OK in 20ms (Views: 18.9ms | Allocations: 4682)


Started GET "/users/new" for 127.0.0.1 at 2021-12-01 19:00:55 +0000
Processing by UsersController#new as HTML
  Rendering layout layouts/application.html.erb
  Rendering users/new.html.erb within layouts/application
  Rendered users/new.html.erb within layouts/application (Duration: 1.9ms | Allocations: 815)
[Webpacker] Everything's up-to-date. Nothing to do
  Rendered layout layouts/application.html.erb (Duration: 9.0ms | Allocations: 4286)
Completed 200 OK in 11ms (Views: 9.7ms | Allocations: 4679)


Started GET "/users/new" for 127.0.0.1 at 2021-12-01 19:01:00 +0000
Processing by UsersController#new as HTML
  Rendering layout layouts/application.html.erb
  Rendering users/new.html.erb within layouts/application
  Rendered users/new.html.erb within layouts/application (Duration: 1.7ms | Allocations: 815)
[Webpacker] Everything's up-to-date. Nothing to do
  Rendered layout layouts/application.html.erb (Duration: 6.3ms | Allocations: 4294)
Completed 200 OK in 8ms (Views: 7.1ms | Allocations: 4688)


Started GET "/users/" for 127.0.0.1 at 2021-12-01 19:01:03 +0000
  
ActionController::RoutingError (No route matches [GET] "/users"):
  
Started GET "/users/new" for 127.0.0.1 at 2021-12-01 19:01:06 +0000
Processing by UsersController#new as HTML
  Rendering layout layouts/application.html.erb
  Rendering users/new.html.erb within layouts/application
  Rendered users/new.html.erb within layouts/application (Duration: 2.2ms | Allocations: 815)
[Webpacker] Everything's up-to-date. Nothing to do
  Rendered layout layouts/application.html.erb (Duration: 8.4ms | Allocations: 4294)
Completed 200 OK in 15ms (Views: 9.0ms | Allocations: 4688)


Started POST "/users" for 127.0.0.1 at 2021-12-01 19:01:46 +0000
Processing by UsersController#create as HTML
  Parameters: {"authenticity_token"=>"[FILTERED]", "user"=>{"username"=>"Testes", "email"=>"testes@gmail.com", "password"=>"[FILTERED]"}, "commit"=>"Create"}
  [1m[35m (0.1ms)[0m  [1m[34mSELECT sqlite_version(*)[0m
  ↳ app/controllers/users_controller.rb:39:in `create'
  [1m[36mTRANSACTION (1.1ms)[0m  [1m[36mbegin transaction[0m
  ↳ app/controllers/users_controller.rb:39:in `create'
  [1m[36mUser Create (22.9ms)[0m  [1m[32mINSERT INTO "users" ("username", "email", "password", "created_at", "updated_at") VALUES (?, ?, ?, ?, ?)[0m  [["username", "Testes"], ["email", "testes@gmail.com"], ["password", "testes123"], ["created_at", "2021-12-01 19:01:46.946177"], ["updated_at", "2021-12-01 19:01:46.946177"]]
  ↳ app/controllers/users_controller.rb:39:in `create'
  [1m[36mTRANSACTION (8.0ms)[0m  [1m[36mcommit transaction[0m
  ↳ app/controllers/users_controller.rb:39:in `create'
Redirected to http://localhost:3000/users/new
Completed 302 Found in 84ms (ActiveRecord: 32.4ms | Allocations: 5218)


Started GET "/users/new" for 127.0.0.1 at 2021-12-01 19:01:47 +0000
Processing by UsersController#new as HTML
  Rendering layout layouts/application.html.erb
  Rendering users/new.html.erb within layouts/application
  Rendered users/new.html.erb within layouts/application (Duration: 4.2ms | Allocations: 815)
[Webpacker] Everything's up-to-date. Nothing to do
  Rendered layout layouts/application.html.erb (Duration: 15.7ms | Allocations: 4286)
Completed 200 OK in 18ms (Views: 16.7ms | ActiveRecord: 0.0ms | Allocations: 4680)


Started GET "/users/new" for 127.0.0.1 at 2021-12-01 19:05:44 +0000
Processing by UsersController#new as HTML
  [1m[35m (0.1ms)[0m  [1m[34mSELECT sqlite_version(*)[0m
  ↳ app/controllers/users_controller.rb:15:in `new'
  Rendering layout layouts/application.html.erb
  Rendering users/new.html.erb within layouts/application
  Rendered users/new.html.erb within layouts/application (Duration: 3.7ms | Allocations: 1217)
[Webpacker] Everything's up-to-date. Nothing to do
  Rendered layout layouts/application.html.erb (Duration: 11.7ms | Allocations: 4848)
Completed 200 OK in 33ms (Views: 13.9ms | ActiveRecord: 2.8ms | Allocations: 9759)


Started POST "/users" for 127.0.0.1 at 2021-12-01 19:06:00 +0000
Processing by UsersController#create as HTML
  Parameters: {"authenticity_token"=>"[FILTERED]", "user"=>{"username"=>"Teste1", "email"=>"teste1@gmail.com", "password"=>"[FILTERED]"}, "commit"=>"Create"}
  [1m[36mTRANSACTION (0.2ms)[0m  [1m[36mbegin transaction[0m
  ↳ app/controllers/users_controller.rb:39:in `create'
  [1m[36mUser Create (4.1ms)[0m  [1m[32mINSERT INTO "users" ("username", "email", "password", "created_at", "updated_at") VALUES (?, ?, ?, ?, ?)[0m  [["username", "Teste1"], ["email", "teste1@gmail.com"], ["password", "teste1123"], ["created_at", "2021-12-01 19:06:00.185299"], ["updated_at", "2021-12-01 19:06:00.185299"]]
  ↳ app/controllers/users_controller.rb:39:in `create'
  [1m[36mTRANSACTION (8.3ms)[0m  [1m[36mcommit transaction[0m
  ↳ app/controllers/users_controller.rb:39:in `create'
Redirected to http://localhost:3000/users/new
Completed 302 Found in 28ms (ActiveRecord: 12.6ms | Allocations: 4566)


Started GET "/users/new" for 127.0.0.1 at 2021-12-01 19:06:00 +0000
Processing by UsersController#new as HTML
  Rendering layout layouts/application.html.erb
  Rendering users/new.html.erb within layouts/application
  Rendered users/new.html.erb within layouts/application (Duration: 3.0ms | Allocations: 864)
[Webpacker] Everything's up-to-date. Nothing to do
  Rendered layout layouts/application.html.erb (Duration: 12.0ms | Allocations: 4343)
Completed 200 OK in 14ms (Views: 12.8ms | ActiveRecord: 0.0ms | Allocations: 4738)


Started GET "/users/edit" for 127.0.0.1 at 2021-12-01 19:09:13 +0000
  
ActionController::RoutingError (No route matches [GET] "/users/edit"):
  
Started GET "/users/edit" for 127.0.0.1 at 2021-12-01 19:09:53 +0000
  
ActionController::RoutingError (No route matches [GET] "/users/edit"):
  
Started GET "/users/edit/1" for 127.0.0.1 at 2021-12-01 19:09:56 +0000
  
ActionController::RoutingError (No route matches [GET] "/users/edit/1"):
  
Started GET "/users/new" for 127.0.0.1 at 2021-12-01 19:10:01 +0000
Processing by UsersController#new as HTML
  [1m[35m (0.1ms)[0m  [1m[34mSELECT sqlite_version(*)[0m
  ↳ app/controllers/users_controller.rb:15:in `new'
  Rendering layout layouts/application.html.erb
  Rendering users/new.html.erb within layouts/application
  Rendered users/new.html.erb within layouts/application (Duration: 2.8ms | Allocations: 920)
[Webpacker] Everything's up-to-date. Nothing to do
  Rendered layout layouts/application.html.erb (Duration: 10.7ms | Allocations: 4400)
Completed 200 OK in 34ms (Views: 18.6ms | ActiveRecord: 1.2ms | Allocations: 8702)


Started GET "/users/1/edit" for 127.0.0.1 at 2021-12-01 19:10:11 +0000
Processing by UsersController#edit as HTML
  Parameters: {"id"=>"1"}
  [1m[36mUser Load (0.3ms)[0m  [1m[34mSELECT "users".* FROM "users" WHERE "users"."id" = ? LIMIT ?[0m  [["id", 1], ["LIMIT", 1]]
  ↳ app/controllers/users_controller.rb:72:in `set_user'
  [1m[36mCACHE User Load (0.0ms)[0m  [1m[34mSELECT "users".* FROM "users" WHERE "users"."id" = ? LIMIT ?[0m  [["id", 1], ["LIMIT", 1]]
  ↳ app/controllers/users_controller.rb:20:in `edit'
  Rendering layout layouts/application.html.erb
  Rendering users/edit.html.erb within layouts/application
  Rendered users/_form.html.erb (Duration: 22.6ms | Allocations: 3626)
  Rendered users/edit.html.erb within layouts/application (Duration: 23.8ms | Allocations: 4113)
  Rendered layout layouts/application.html.erb (Duration: 24.0ms | Allocations: 4177)
Completed 500 Internal Server Error in 46ms (ActiveRecord: 0.3ms | Allocations: 6153)


  
ActionView::Template::Error (undefined method `user_path' for #<ActionView::Base:0x000000000106f8>
Did you mean?  users_path):
    1: <%= form_with(model: user) do |form| %>
    2:   <% if user.errors.any? %>
    3:     <div id="error_explanation">
    4:       <h2><%= pluralize(user.errors.count, "error") %> prohibited this user from being saved:</h2>
  
app/views/users/_form.html.erb:1
app/views/users/edit.html.erb:3
Started GET "/users/1/edit" for 127.0.0.1 at 2021-12-01 19:11:43 +0000
Processing by UsersController#edit as HTML
  Parameters: {"id"=>"1"}
  [1m[36mUser Load (0.2ms)[0m  [1m[34mSELECT "users".* FROM "users" WHERE "users"."id" = ? LIMIT ?[0m  [["id", 1], ["LIMIT", 1]]
  ↳ app/controllers/users_controller.rb:72:in `set_user'
  [1m[36mCACHE User Load (0.0ms)[0m  [1m[34mSELECT "users".* FROM "users" WHERE "users"."id" = ? LIMIT ?[0m  [["id", 1], ["LIMIT", 1]]
  ↳ app/controllers/users_controller.rb:20:in `edit'
  Rendering layout layouts/application.html.erb
  Rendering users/edit.html.erb within layouts/application
  Rendered users/_form.html.erb (Duration: 14.6ms | Allocations: 3610)
  Rendered users/edit.html.erb within layouts/application (Duration: 16.8ms | Allocations: 4095)
  Rendered layout layouts/application.html.erb (Duration: 17.1ms | Allocations: 4159)
Completed 500 Internal Server Error in 24ms (ActiveRecord: 0.2ms | Allocations: 6245)


  
ActionView::Template::Error (undefined method `user_path' for #<ActionView::Base:0x00000000010a90>
Did you mean?  users_path):
    1: <%= form_with(model: user) do |form| %>
    2:   <% if user.errors.any? %>
    3:     <div id="error_explanation">
    4:       <h2><%= pluralize(user.errors.count, "error") %> prohibited this user from being saved:</h2>
  
app/views/users/_form.html.erb:1
app/views/users/edit.html.erb:3
Started GET "/users/2/edit" for 127.0.0.1 at 2021-12-01 19:11:46 +0000
Processing by UsersController#edit as HTML
  Parameters: {"id"=>"2"}
  [1m[36mUser Load (0.2ms)[0m  [1m[34mSELECT "users".* FROM "users" WHERE "users"."id" = ? LIMIT ?[0m  [["id", 2], ["LIMIT", 1]]
  ↳ app/controllers/users_controller.rb:72:in `set_user'
  [1m[36mCACHE User Load (0.0ms)[0m  [1m[34mSELECT "users".* FROM "users" WHERE "users"."id" = ? LIMIT ?[0m  [["id", 2], ["LIMIT", 1]]
  ↳ app/controllers/users_controller.rb:20:in `edit'
  Rendering layout layouts/application.html.erb
  Rendering users/edit.html.erb within layouts/application
  Rendered users/_form.html.erb (Duration: 7.6ms | Allocations: 3282)
  Rendered users/edit.html.erb within layouts/application (Duration: 8.0ms | Allocations: 3374)
  Rendered layout layouts/application.html.erb (Duration: 8.2ms | Allocations: 3438)
Completed 500 Internal Server Error in 15ms (ActiveRecord: 0.2ms | Allocations: 4816)


  
ActionView::Template::Error (undefined method `user_path' for #<ActionView::Base:0x00000000010ea0>
Did you mean?  users_path):
    1: <%= form_with(model: user) do |form| %>
    2:   <% if user.errors.any? %>
    3:     <div id="error_explanation">
    4:       <h2><%= pluralize(user.errors.count, "error") %> prohibited this user from being saved:</h2>
  
app/views/users/_form.html.erb:1
app/views/users/edit.html.erb:3
Started GET "/users/new" for 127.0.0.1 at 2021-12-01 19:12:50 +0000
Processing by UsersController#new as HTML
  Rendering layout layouts/application.html.erb
  Rendering users/new.html.erb within layouts/application
  Rendered users/new.html.erb within layouts/application (Duration: 3.8ms | Allocations: 1162)
[Webpacker] Everything's up-to-date. Nothing to do
  Rendered layout layouts/application.html.erb (Duration: 12.7ms | Allocations: 4814)
Completed 200 OK in 15ms (Views: 13.5ms | ActiveRecord: 0.0ms | Allocations: 5332)


Started GET "/users/1/edit" for 127.0.0.1 at 2021-12-01 19:13:06 +0000
Processing by UsersController#edit as HTML
  Parameters: {"id"=>"1"}
  [1m[36mUser Load (0.3ms)[0m  [1m[34mSELECT "users".* FROM "users" WHERE "users"."id" = ? LIMIT ?[0m  [["id", 1], ["LIMIT", 1]]
  ↳ app/controllers/users_controller.rb:72:in `set_user'
  [1m[36mCACHE User Load (0.0ms)[0m  [1m[34mSELECT "users".* FROM "users" WHERE "users"."id" = ? LIMIT ?[0m  [["id", 1], ["LIMIT", 1]]
  ↳ app/controllers/users_controller.rb:20:in `edit'
  Rendering layout layouts/application.html.erb
  Rendering users/edit.html.erb within layouts/application
  Rendered users/_form.html.erb (Duration: 14.7ms | Allocations: 3293)
  Rendered users/edit.html.erb within layouts/application (Duration: 15.3ms | Allocations: 3385)
  Rendered layout layouts/application.html.erb (Duration: 15.6ms | Allocations: 3449)
Completed 500 Internal Server Error in 26ms (ActiveRecord: 0.3ms | Allocations: 4827)


  
ActionView::Template::Error (undefined method `user_path' for #<ActionView::Base:0x00000000011238>
Did you mean?  users_path):
    1: <%= form_with(model: user) do |form| %>
    2:   <% if user.errors.any? %>
    3:     <div id="error_explanation">
    4:       <h2><%= pluralize(user.errors.count, "error") %> prohibited this user from being saved:</h2>
  
app/views/users/_form.html.erb:1
app/views/users/edit.html.erb:3
Started GET "/users/1/edit" for 127.0.0.1 at 2021-12-01 22:00:19 +0000
Processing by UsersController#edit as HTML
  Parameters: {"id"=>"1"}
  [1m[35m (0.2ms)[0m  [1m[34mSELECT sqlite_version(*)[0m
  ↳ app/controllers/users_controller.rb:72:in `set_user'
  [1m[36mUser Load (0.4ms)[0m  [1m[34mSELECT "users".* FROM "users" WHERE "users"."id" = ? LIMIT ?[0m  [["id", 1], ["LIMIT", 1]]
  ↳ app/controllers/users_controller.rb:72:in `set_user'
  [1m[36mCACHE User Load (0.1ms)[0m  [1m[34mSELECT "users".* FROM "users" WHERE "users"."id" = ? LIMIT ?[0m  [["id", 1], ["LIMIT", 1]]
  ↳ app/controllers/users_controller.rb:20:in `edit'
  Rendering layout layouts/application.html.erb
  Rendering users/edit.html.erb within layouts/application
  Rendered users/_form.html.erb (Duration: 9.9ms | Allocations: 974)
  Rendered users/edit.html.erb within layouts/application (Duration: 21.4ms | Allocations: 1833)
[Webpacker] Everything's up-to-date. Nothing to do
  Rendered layout layouts/application.html.erb (Duration: 39.5ms | Allocations: 5292)
Completed 200 OK in 85ms (Views: 42.3ms | ActiveRecord: 1.6ms | Allocations: 10323)


Started GET "/users/2/edit" for 127.0.0.1 at 2021-12-01 22:00:30 +0000
Processing by UsersController#edit as HTML
  Parameters: {"id"=>"2"}
  [1m[36mUser Load (0.3ms)[0m  [1m[34mSELECT "users".* FROM "users" WHERE "users"."id" = ? LIMIT ?[0m  [["id", 2], ["LIMIT", 1]]
  ↳ app/controllers/users_controller.rb:72:in `set_user'
  [1m[36mCACHE User Load (0.1ms)[0m  [1m[34mSELECT "users".* FROM "users" WHERE "users"."id" = ? LIMIT ?[0m  [["id", 2], ["LIMIT", 1]]
  ↳ app/controllers/users_controller.rb:20:in `edit'
  Rendering layout layouts/application.html.erb
  Rendering users/edit.html.erb within layouts/application
  Rendered users/_form.html.erb (Duration: 7.3ms | Allocations: 887)
  Rendered users/edit.html.erb within layouts/application (Duration: 26.9ms | Allocations: 1743)
[Webpacker] Everything's up-to-date. Nothing to do
  Rendered layout layouts/application.html.erb (Duration: 46.4ms | Allocations: 5214)
Completed 200 OK in 84ms (Views: 58.8ms | ActiveRecord: 0.4ms | Allocations: 6619)


Started GET "/users/1/edit" for 127.0.0.1 at 2021-12-01 22:00:36 +0000
Processing by UsersController#edit as HTML
  Parameters: {"id"=>"1"}
  [1m[36mUser Load (0.3ms)[0m  [1m[34mSELECT "users".* FROM "users" WHERE "users"."id" = ? LIMIT ?[0m  [["id", 1], ["LIMIT", 1]]
  ↳ app/controllers/users_controller.rb:72:in `set_user'
  [1m[36mCACHE User Load (0.0ms)[0m  [1m[34mSELECT "users".* FROM "users" WHERE "users"."id" = ? LIMIT ?[0m  [["id", 1], ["LIMIT", 1]]
  ↳ app/controllers/users_controller.rb:20:in `edit'
  Rendering layout layouts/application.html.erb
  Rendering users/edit.html.erb within layouts/application
  Rendered users/_form.html.erb (Duration: 8.2ms | Allocations: 887)
  Rendered users/edit.html.erb within layouts/application (Duration: 11.7ms | Allocations: 1743)
[Webpacker] Everything's up-to-date. Nothing to do
  Rendered layout layouts/application.html.erb (Duration: 23.7ms | Allocations: 5214)
Completed 200 OK in 37ms (Views: 27.7ms | ActiveRecord: 0.3ms | Allocations: 6619)


Started GET "/users/3/edit" for 127.0.0.1 at 2021-12-01 22:00:42 +0000
Processing by UsersController#edit as HTML
  Parameters: {"id"=>"3"}
  [1m[36mUser Load (0.3ms)[0m  [1m[34mSELECT "users".* FROM "users" WHERE "users"."id" = ? LIMIT ?[0m  [["id", 3], ["LIMIT", 1]]
  ↳ app/controllers/users_controller.rb:72:in `set_user'
Completed 404 Not Found in 8ms (ActiveRecord: 0.3ms | Allocations: 1088)


  
ActiveRecord::RecordNotFound (Couldn't find User with 'id'=3):
  
app/controllers/users_controller.rb:72:in `set_user'
Started GET "/users/0/edit" for 127.0.0.1 at 2021-12-01 22:00:48 +0000
Processing by UsersController#edit as HTML
  Parameters: {"id"=>"0"}
  [1m[36mUser Load (0.3ms)[0m  [1m[34mSELECT "users".* FROM "users" WHERE "users"."id" = ? LIMIT ?[0m  [["id", 0], ["LIMIT", 1]]
  ↳ app/controllers/users_controller.rb:72:in `set_user'
Completed 404 Not Found in 13ms (ActiveRecord: 0.3ms | Allocations: 1087)


  
ActiveRecord::RecordNotFound (Couldn't find User with 'id'=0):
  
app/controllers/users_controller.rb:72:in `set_user'
Started GET "/users/1/edit" for 127.0.0.1 at 2021-12-01 22:00:52 +0000
Processing by UsersController#edit as HTML
  Parameters: {"id"=>"1"}
  [1m[36mUser Load (0.4ms)[0m  [1m[34mSELECT "users".* FROM "users" WHERE "users"."id" = ? LIMIT ?[0m  [["id", 1], ["LIMIT", 1]]
  ↳ app/controllers/users_controller.rb:72:in `set_user'
  [1m[36mCACHE User Load (0.0ms)[0m  [1m[34mSELECT "users".* FROM "users" WHERE "users"."id" = ? LIMIT ?[0m  [["id", 1], ["LIMIT", 1]]
  ↳ app/controllers/users_controller.rb:20:in `edit'
  Rendering layout layouts/application.html.erb
  Rendering users/edit.html.erb within layouts/application
  Rendered users/_form.html.erb (Duration: 4.0ms | Allocations: 887)
  Rendered users/edit.html.erb within layouts/application (Duration: 14.7ms | Allocations: 1743)
[Webpacker] Everything's up-to-date. Nothing to do
  Rendered layout layouts/application.html.erb (Duration: 27.3ms | Allocations: 5222)
Completed 200 OK in 42ms (Views: 28.9ms | ActiveRecord: 0.4ms | Allocations: 6626)


Started GET "/users/1/edit" for 127.0.0.1 at 2021-12-01 22:01:43 +0000
Processing by UsersController#edit as HTML
  Parameters: {"id"=>"1"}
  [1m[36mUser Load (0.3ms)[0m  [1m[34mSELECT "users".* FROM "users" WHERE "users"."id" = ? LIMIT ?[0m  [["id", 1], ["LIMIT", 1]]
  ↳ app/controllers/users_controller.rb:72:in `set_user'
  [1m[36mCACHE User Load (0.0ms)[0m  [1m[34mSELECT "users".* FROM "users" WHERE "users"."id" = ? LIMIT ?[0m  [["id", 1], ["LIMIT", 1]]
  ↳ app/controllers/users_controller.rb:20:in `edit'
  Rendering layout layouts/application.html.erb
  Rendering users/edit.html.erb within layouts/application
  Rendered users/_form.html.erb (Duration: 5.5ms | Allocations: 1220)
  Rendered users/edit.html.erb within layouts/application (Duration: 20.8ms | Allocations: 2476)
[Webpacker] Everything's up-to-date. Nothing to do
  Rendered layout layouts/application.html.erb (Duration: 48.6ms | Allocations: 6120)
Completed 200 OK in 73ms (Views: 59.7ms | ActiveRecord: 0.4ms | Allocations: 8234)


Started GET "/users/2/edit" for 127.0.0.1 at 2021-12-01 22:01:47 +0000
Processing by UsersController#edit as HTML
  Parameters: {"id"=>"2"}
  [1m[36mUser Load (0.3ms)[0m  [1m[34mSELECT "users".* FROM "users" WHERE "users"."id" = ? LIMIT ?[0m  [["id", 2], ["LIMIT", 1]]
  ↳ app/controllers/users_controller.rb:72:in `set_user'
  [1m[36mCACHE User Load (0.1ms)[0m  [1m[34mSELECT "users".* FROM "users" WHERE "users"."id" = ? LIMIT ?[0m  [["id", 2], ["LIMIT", 1]]
  ↳ app/controllers/users_controller.rb:20:in `edit'
  Rendering layout layouts/application.html.erb
  Rendering users/edit.html.erb within layouts/application
  Rendered users/_form.html.erb (Duration: 4.4ms | Allocations: 893)
  Rendered users/edit.html.erb within layouts/application (Duration: 13.8ms | Allocations: 1759)
[Webpacker] Everything's up-to-date. Nothing to do
  Rendered layout layouts/application.html.erb (Duration: 34.6ms | Allocations: 5230)
Completed 200 OK in 59ms (Views: 37.4ms | ActiveRecord: 0.5ms | Allocations: 6636)


Started GET "/users/2/edit" for 127.0.0.1 at 2021-12-01 22:08:49 +0000
Processing by UsersController#edit as HTML
  Parameters: {"id"=>"2"}
  [1m[35m (0.2ms)[0m  [1m[34mSELECT sqlite_version(*)[0m
  ↳ app/controllers/users_controller.rb:72:in `set_user'
  [1m[36mUser Load (0.6ms)[0m  [1m[34mSELECT "users".* FROM "users" WHERE "users"."id" = ? LIMIT ?[0m  [["id", 2], ["LIMIT", 1]]
  ↳ app/controllers/users_controller.rb:72:in `set_user'
  [1m[36mCACHE User Load (0.1ms)[0m  [1m[34mSELECT "users".* FROM "users" WHERE "users"."id" = ? LIMIT ?[0m  [["id", 2], ["LIMIT", 1]]
  ↳ app/controllers/users_controller.rb:20:in `edit'
  Rendering layout layouts/application.html.erb
  Rendering users/edit.html.erb within layouts/application
  Rendered users/_form.html.erb (Duration: 7.6ms | Allocations: 1220)
  Rendered users/edit.html.erb within layouts/application (Duration: 29.6ms | Allocations: 2582)
[Webpacker] Everything's up-to-date. Nothing to do
  Rendered layout layouts/application.html.erb (Duration: 40.6ms | Allocations: 6227)
Completed 200 OK in 60ms (Views: 44.0ms | ActiveRecord: 1.6ms | Allocations: 8941)


Started GET "/users/new" for 127.0.0.1 at 2021-12-01 22:09:17 +0000
Processing by UsersController#new as HTML
  Rendering layout layouts/application.html.erb
  Rendering users/new.html.erb within layouts/application
  Rendered users/new.html.erb within layouts/application (Duration: 10.9ms | Allocations: 1267)
[Webpacker] Everything's up-to-date. Nothing to do
  Rendered layout layouts/application.html.erb (Duration: 31.6ms | Allocations: 4911)
Completed 200 OK in 45ms (Views: 42.1ms | ActiveRecord: 0.0ms | Allocations: 6009)


Started POST "/users" for 127.0.0.1 at 2021-12-01 22:09:19 +0000
Processing by UsersController#create as HTML
  Parameters: {"authenticity_token"=>"[FILTERED]", "user"=>{"username"=>"Test", "email"=>"", "password"=>"[FILTERED]"}, "commit"=>"Create"}
  Rendering layout layouts/application.html.erb
  Rendering users/new.html.erb within layouts/application
  Rendered users/new.html.erb within layouts/application (Duration: 23.6ms | Allocations: 2728)
[Webpacker] Everything's up-to-date. Nothing to do
  Rendered layout layouts/application.html.erb (Duration: 56.3ms | Allocations: 6127)
Completed 200 OK in 63ms (Views: 57.7ms | ActiveRecord: 0.0ms | Allocations: 7178)


